<?xml version="1.0" encoding="UTF-8"?>
<!-- Generated by org.testng.reporters.JUnitReportReporter -->
<testsuite hostname="DESKTOP-DC5R40U" failures="0" tests="1" name="sel.OnlineSel2021.AssConcept" time="2.787" errors="0" timestamp="19 Mar 2021 01:27:03 GMT" skipped="0">
  <testcase classname="sel.OnlineSel2021.AssConcept" name="assConcept" time="2.787"/>
</testsuite> <!-- sel.OnlineSel2021.AssConcept -->
