<?xml version="1.0" encoding="UTF-8"?>
<!-- Generated by org.testng.reporters.JUnitReportReporter -->
<testsuite hostname="DESKTOP-DC5R40U" failures="0" tests="1" name="sel.OnlineSel2021.annonnation.Ann1" time="0.002" errors="0" timestamp="26 Mar 2021 01:11:18 GMT" skipped="0">
  <testcase classname="sel.OnlineSel2021.annonnation.Ann1" name="signup" time="0.002"/>
</testsuite> <!-- sel.OnlineSel2021.annonnation.Ann1 -->
