<?xml version="1.0" encoding="UTF-8"?>
<!-- Generated by org.testng.reporters.JUnitReportReporter -->
<testsuite hostname="DESKTOP-DC5R40U" failures="0" tests="1" name="sel.OnlineSel2021.OpenBrowser" time="3.883" errors="0" timestamp="26 Feb 2021 02:38:39 GMT" skipped="0">
  <testcase classname="sel.OnlineSel2021.OpenBrowser" name="handleBrowser" time="3.883"/>
</testsuite> <!-- sel.OnlineSel2021.OpenBrowser -->
