<?xml version="1.0" encoding="UTF-8"?>
<!-- Generated by org.testng.reporters.JUnitReportReporter -->
<testsuite hostname="DESKTOP-DC5R40U" failures="0" tests="1" name="sel.OnlineSel2021.AlrtHandling" time="4.257" errors="0" timestamp="05 Mar 2021 01:48:44 GMT" skipped="0">
  <testcase classname="sel.OnlineSel2021.AlrtHandling" name="Alertdealing" time="4.257"/>
</testsuite> <!-- sel.OnlineSel2021.AlrtHandling -->
