<?xml version="1.0" encoding="UTF-8"?>
<!-- Generated by org.testng.reporters.JUnitReportReporter -->
<testsuite hostname="DESKTOP-DC5R40U" failures="0" tests="1" name="sel.OnlineSel2021.WebTableConcept" time="4.627" errors="0" timestamp="12 Mar 2021 01:51:19 GMT" skipped="0">
  <testcase classname="sel.OnlineSel2021.WebTableConcept" name="tableHandling" time="4.627"/>
</testsuite> <!-- sel.OnlineSel2021.WebTableConcept -->
