<?xml version="1.0" encoding="UTF-8"?>
<!-- Generated by org.testng.reporters.JUnitReportReporter -->
<testsuite hostname="DESKTOP-DC5R40U" failures="0" tests="1" name="sel.OnlineSel2021.DragDrop" time="2.623" errors="0" timestamp="12 Mar 2021 02:07:11 GMT" skipped="0">
  <testcase classname="sel.OnlineSel2021.DragDrop" name="dropConcept" time="2.623"/>
</testsuite> <!-- sel.OnlineSel2021.DragDrop -->
