<?xml version="1.0" encoding="UTF-8"?>
<!-- Generated by org.testng.reporters.JUnitReportReporter -->
<testsuite hostname="DESKTOP-DC5R40U" failures="0" tests="1" name="sel.OnlineSel2021.HandleDropDown" time="2.822" errors="0" timestamp="26 Feb 2021 02:54:43 GMT" skipped="0">
  <testcase classname="sel.OnlineSel2021.HandleDropDown" name="dropDown" time="2.822"/>
</testsuite> <!-- sel.OnlineSel2021.HandleDropDown -->
