<?xml version="1.0" encoding="UTF-8"?>
<!-- Generated by org.testng.reporters.JUnitReportReporter -->
<testsuite hostname="DESKTOP-DC5R40U" failures="0" tests="1" name="sel.OnlineSel2021.WindowHandling" time="7.970" errors="0" timestamp="12 Mar 2021 01:25:25 GMT" skipped="0">
  <testcase classname="sel.OnlineSel2021.WindowHandling" name="handlingWindow" time="7.970"/>
</testsuite> <!-- sel.OnlineSel2021.WindowHandling -->
