<?xml version="1.0" encoding="UTF-8"?>
<!-- Generated by org.testng.reporters.JUnitReportReporter -->
<testsuite hostname="DESKTOP-DC5R40U" failures="0" tests="1" name="sel.OnlineSel2021.FrameConcpt" time="3.483" errors="0" timestamp="05 Mar 2021 02:09:32 GMT" skipped="0">
  <testcase classname="sel.OnlineSel2021.FrameConcpt" name="frameHandling" time="3.483"/>
</testsuite> <!-- sel.OnlineSel2021.FrameConcpt -->
